2009.07.13 09:33 B W:\QA\scholarships\admin\admin_error.cfm <-- westie /scholarships/admin admin_error.cfm
2009.07.13 09:33 B W:\QA\scholarships\admin\banner_down.cfm <-- westie /scholarships/admin banner_down.cfm
2009.07.13 09:33 B W:\QA\scholarships\admin\checkdatabase.cfm <-- westie /scholarships/admin checkdatabase.cfm
2009.07.13 09:33 B W:\QA\scholarships\admin\checkDatabaseFile.cfm <-- westie /scholarships/admin checkDatabaseFile.cfm
2009.07.13 09:33 B W:\QA\scholarships\admin\checktimefunctions.cfm <-- westie /scholarships/admin checktimefunctions.cfm
2009.07.13 09:33 B W:\QA\scholarships\admin\CodeSweeper.log <-- westie /scholarships/admin CodeSweeper.log
2009.07.13 09:33 B W:\QA\scholarships\admin\downloadFile.cfm <-- westie /scholarships/admin downloadFile.cfm
2009.07.13 09:33 B W:\QA\scholarships\admin\downloadFileTest.cfm <-- westie /scholarships/admin downloadFileTest.cfm
2009.07.13 09:33 B W:\QA\scholarships\admin\filename <-- westie /scholarships/admin filename
2009.07.13 09:33 B W:\QA\scholarships\admin\help.html <-- westie /scholarships/admin help.html
2009.07.13 09:33 B W:\QA\scholarships\admin\idm.cfc <-- westie /scholarships/admin idm.cfc
2009.07.13 09:33 B W:\QA\scholarships\admin\index.cfm <-- westie /scholarships/admin index.cfm
2009.07.13 09:33 B W:\QA\scholarships\admin\index_test.cfm <-- westie /scholarships/admin index_test.cfm
2009.07.13 09:33 B W:\QA\scholarships\admin\insertdb.cfm <-- westie /scholarships/admin insertdb.cfm
2009.07.13 09:33 B W:\QA\scholarships\admin\js_funcs_admin.js <-- westie /scholarships/admin js_funcs_admin.js
2009.07.13 09:33 B W:\QA\scholarships\admin\js_funcs_admin1.js <-- westie /scholarships/admin js_funcs_admin1.js
2009.07.13 09:33 B W:\QA\scholarships\admin\ldapAuthentication.cfc <-- westie /scholarships/admin ldapAuthentication.cfc
2009.07.13 09:33 B W:\QA\scholarships\admin\ldapAuthenticationtest.cfc <-- westie /scholarships/admin ldapAuthenticationtest.cfc
2009.07.13 09:33 B W:\QA\scholarships\admin\ldapAuthenticationtest1.cfc <-- westie /scholarships/admin ldapAuthenticationtest1.cfc
2009.07.13 09:33 B W:\QA\scholarships\admin\login.cfm <-- westie /scholarships/admin login.cfm
2009.07.13 09:33 B W:\QA\scholarships\admin\login_test.cfm <-- westie /scholarships/admin login_test.cfm
2009.07.13 09:33 B W:\QA\scholarships\admin\makeChanges.cfm <-- westie /scholarships/admin makeChanges.cfm
2009.07.13 09:33 B W:\QA\scholarships\admin\pdfApplication.cfm <-- westie /scholarships/admin pdfApplication.cfm
2009.07.13 09:33 B W:\QA\scholarships\admin\report.cfm <-- westie /scholarships/admin report.cfm
2009.07.13 09:33 B W:\QA\scholarships\admin\report1.cfm <-- westie /scholarships/admin report1.cfm
2009.07.13 09:33 B W:\QA\scholarships\admin\report1old.cfm <-- westie /scholarships/admin report1old.cfm
2009.07.13 09:33 B W:\QA\scholarships\admin\reportNOHTMLTABLES.cfm <-- westie /scholarships/admin reportNOHTMLTABLES.cfm
2009.07.13 09:33 B W:\QA\scholarships\admin\resetpassword.cfm <-- westie /scholarships/admin resetpassword.cfm
2009.07.13 09:33 B W:\QA\scholarships\admin\scholadmin.cfc <-- westie /scholarships/admin scholadmin.cfc
2009.07.13 09:33 B W:\QA\scholarships\admin\scholadmin03242009.cfc <-- westie /scholarships/admin scholadmin03242009.cfc
2009.07.13 09:33 B W:\QA\scholarships\admin\scholarship_db.mdb <-- westie /scholarships/admin scholarship_db.mdb
2009.07.13 09:33 B W:\QA\scholarships\admin\scholarships.css <-- westie /scholarships/admin scholarships.css
2009.07.13 09:33 B W:\QA\scholarships\admin\scholarships_supplement.css <-- westie /scholarships/admin scholarships_supplement.css
2009.07.13 09:33 B W:\QA\scholarships\admin\scholarshipstest.css <-- westie /scholarships/admin scholarshipstest.css
2009.07.13 09:33 B W:\QA\scholarships\admin\scholreport.cfm <-- westie /scholarships/admin scholreport.cfm
2009.07.13 09:33 B W:\QA\scholarships\admin\show_students.cfm <-- westie /scholarships/admin show_students.cfm
2009.07.13 09:33 B W:\QA\scholarships\admin\test.cfm <-- westie /scholarships/admin test.cfm
2009.07.13 09:33 B W:\QA\scholarships\admin\test.html <-- westie /scholarships/admin test.html
2009.07.13 09:33 B W:\QA\scholarships\admin\testBannerFuncs.cfm <-- westie /scholarships/admin testBannerFuncs.cfm
2009.07.13 09:33 B W:\QA\scholarships\admin\testcal.html <-- westie /scholarships/admin testcal.html
2009.07.13 09:33 B W:\QA\scholarships\admin\testcal1.html <-- westie /scholarships/admin testcal1.html
2009.07.13 09:33 B W:\QA\scholarships\admin\testCampusID.cfm <-- westie /scholarships/admin testCampusID.cfm
2009.07.13 09:33 B W:\QA\scholarships\admin\testcoldfusion.cfm <-- westie /scholarships/admin testcoldfusion.cfm
2009.07.13 09:33 B W:\QA\scholarships\admin\testdates.cfm <-- westie /scholarships/admin testdates.cfm
2009.07.13 09:33 B W:\QA\scholarships\admin\testjavascript.html <-- westie /scholarships/admin testjavascript.html
2009.07.13 09:33 B W:\QA\scholarships\admin\update_students.cfm <-- westie /scholarships/admin update_students.cfm
2009.09.16 16:03 B Z:\Inetpub\wwwroot\QA\scholarships_v2\admin\admin_error.cfm --> westie.gsu.edu /scholarships_v2/admin admin_error.cfm
2009.09.16 16:03 B Z:\Inetpub\wwwroot\QA\scholarships_v2\admin\banner_down.cfm --> westie.gsu.edu /scholarships_v2/admin banner_down.cfm
2009.09.16 16:03 B Z:\Inetpub\wwwroot\QA\scholarships_v2\admin\checkdatabase.cfm --> westie.gsu.edu /scholarships_v2/admin checkdatabase.cfm
2009.09.16 16:03 B Z:\Inetpub\wwwroot\QA\scholarships_v2\admin\checkDatabaseFile.cfm --> westie.gsu.edu /scholarships_v2/admin checkDatabaseFile.cfm
2009.09.16 16:03 B Z:\Inetpub\wwwroot\QA\scholarships_v2\admin\checktimefunctions.cfm --> westie.gsu.edu /scholarships_v2/admin checktimefunctions.cfm
2009.09.16 16:03 B Z:\Inetpub\wwwroot\QA\scholarships_v2\admin\CodeSweeper.log --> westie.gsu.edu /scholarships_v2/admin CodeSweeper.log
2009.09.16 16:03 B Z:\Inetpub\wwwroot\QA\scholarships_v2\admin\downloadFile.cfm --> westie.gsu.edu /scholarships_v2/admin downloadFile.cfm
2009.09.16 16:03 B Z:\Inetpub\wwwroot\QA\scholarships_v2\admin\downloadFileTest.cfm --> westie.gsu.edu /scholarships_v2/admin downloadFileTest.cfm
2009.09.16 16:03 B Z:\Inetpub\wwwroot\QA\scholarships_v2\admin\filename --> westie.gsu.edu /scholarships_v2/admin filename
2009.09.16 16:03 B Z:\Inetpub\wwwroot\QA\scholarships_v2\admin\help.html --> westie.gsu.edu /scholarships_v2/admin help.html
2009.09.16 16:03 B Z:\Inetpub\wwwroot\QA\scholarships_v2\admin\idm.cfc --> westie.gsu.edu /scholarships_v2/admin idm.cfc
2009.09.16 16:03 B Z:\Inetpub\wwwroot\QA\scholarships_v2\admin\index.cfm --> westie.gsu.edu /scholarships_v2/admin index.cfm
2009.09.16 16:03 B Z:\Inetpub\wwwroot\QA\scholarships_v2\admin\index_test.cfm --> westie.gsu.edu /scholarships_v2/admin index_test.cfm
2009.09.16 16:03 B Z:\Inetpub\wwwroot\QA\scholarships_v2\admin\insertdb.cfm --> westie.gsu.edu /scholarships_v2/admin insertdb.cfm
2009.09.16 16:03 B Z:\Inetpub\wwwroot\QA\scholarships_v2\admin\js_funcs_admin.js --> westie.gsu.edu /scholarships_v2/admin js_funcs_admin.js
2009.09.16 16:03 B Z:\Inetpub\wwwroot\QA\scholarships_v2\admin\js_funcs_admin1.js --> westie.gsu.edu /scholarships_v2/admin js_funcs_admin1.js
2009.09.16 16:03 B Z:\Inetpub\wwwroot\QA\scholarships_v2\admin\ldapAuthentication.cfc --> westie.gsu.edu /scholarships_v2/admin ldapAuthentication.cfc
2009.09.16 16:03 B Z:\Inetpub\wwwroot\QA\scholarships_v2\admin\ldapAuthenticationtest.cfc --> westie.gsu.edu /scholarships_v2/admin ldapAuthenticationtest.cfc
2009.09.16 16:03 B Z:\Inetpub\wwwroot\QA\scholarships_v2\admin\ldapAuthenticationtest1.cfc --> westie.gsu.edu /scholarships_v2/admin ldapAuthenticationtest1.cfc
2009.09.16 16:03 B Z:\Inetpub\wwwroot\QA\scholarships_v2\admin\login.cfm --> westie.gsu.edu /scholarships_v2/admin login.cfm
2009.09.16 16:03 B Z:\Inetpub\wwwroot\QA\scholarships_v2\admin\login_test.cfm --> westie.gsu.edu /scholarships_v2/admin login_test.cfm
2009.09.16 16:03 B Z:\Inetpub\wwwroot\QA\scholarships_v2\admin\makeChanges.cfm --> westie.gsu.edu /scholarships_v2/admin makeChanges.cfm
2009.09.16 16:03 B Z:\Inetpub\wwwroot\QA\scholarships_v2\admin\pdfApplication.cfm --> westie.gsu.edu /scholarships_v2/admin pdfApplication.cfm
2009.09.16 16:03 B Z:\Inetpub\wwwroot\QA\scholarships_v2\admin\report.cfm --> westie.gsu.edu /scholarships_v2/admin report.cfm
2009.09.16 16:03 B Z:\Inetpub\wwwroot\QA\scholarships_v2\admin\report1.cfm --> westie.gsu.edu /scholarships_v2/admin report1.cfm
2009.09.16 16:03 B Z:\Inetpub\wwwroot\QA\scholarships_v2\admin\report1old.cfm --> westie.gsu.edu /scholarships_v2/admin report1old.cfm
2009.09.16 16:03 B Z:\Inetpub\wwwroot\QA\scholarships_v2\admin\reportNOHTMLTABLES.cfm --> westie.gsu.edu /scholarships_v2/admin reportNOHTMLTABLES.cfm
2009.09.16 16:03 B Z:\Inetpub\wwwroot\QA\scholarships_v2\admin\resetpassword.cfm --> westie.gsu.edu /scholarships_v2/admin resetpassword.cfm
2009.09.16 16:03 B Z:\Inetpub\wwwroot\QA\scholarships_v2\admin\scholadmin.cfc --> westie.gsu.edu /scholarships_v2/admin scholadmin.cfc
2009.09.16 16:03 B Z:\Inetpub\wwwroot\QA\scholarships_v2\admin\scholadmin03242009.cfc --> westie.gsu.edu /scholarships_v2/admin scholadmin03242009.cfc
2009.09.16 16:03 B Z:\Inetpub\wwwroot\QA\scholarships_v2\admin\scholarship_db.mdb --> westie.gsu.edu /scholarships_v2/admin scholarship_db.mdb
2009.09.16 16:03 B Z:\Inetpub\wwwroot\QA\scholarships_v2\admin\scholarships.css --> westie.gsu.edu /scholarships_v2/admin scholarships.css
2009.09.16 16:03 B Z:\Inetpub\wwwroot\QA\scholarships_v2\admin\scholarships_supplement.css --> westie.gsu.edu /scholarships_v2/admin scholarships_supplement.css
2009.09.16 16:03 B Z:\Inetpub\wwwroot\QA\scholarships_v2\admin\scholarshipstest.css --> westie.gsu.edu /scholarships_v2/admin scholarshipstest.css
2009.09.16 16:03 B Z:\Inetpub\wwwroot\QA\scholarships_v2\admin\scholreport.cfm --> westie.gsu.edu /scholarships_v2/admin scholreport.cfm
2009.09.16 16:03 B Z:\Inetpub\wwwroot\QA\scholarships_v2\admin\show_students.cfm --> westie.gsu.edu /scholarships_v2/admin show_students.cfm
2009.09.16 16:04 B Z:\Inetpub\wwwroot\QA\scholarships_v2\admin\test.cfm --> westie.gsu.edu /scholarships_v2/admin test.cfm
2009.09.16 16:04 B Z:\Inetpub\wwwroot\QA\scholarships_v2\admin\test.html --> westie.gsu.edu /scholarships_v2/admin test.html
2009.09.16 16:04 B Z:\Inetpub\wwwroot\QA\scholarships_v2\admin\testBannerFuncs.cfm --> westie.gsu.edu /scholarships_v2/admin testBannerFuncs.cfm
2009.09.16 16:04 B Z:\Inetpub\wwwroot\QA\scholarships_v2\admin\testcal.html --> westie.gsu.edu /scholarships_v2/admin testcal.html
2009.09.16 16:04 B Z:\Inetpub\wwwroot\QA\scholarships_v2\admin\testcal1.html --> westie.gsu.edu /scholarships_v2/admin testcal1.html
2009.09.16 16:04 B Z:\Inetpub\wwwroot\QA\scholarships_v2\admin\testCampusID.cfm --> westie.gsu.edu /scholarships_v2/admin testCampusID.cfm
2009.09.16 16:04 B Z:\Inetpub\wwwroot\QA\scholarships_v2\admin\testcoldfusion.cfm --> westie.gsu.edu /scholarships_v2/admin testcoldfusion.cfm
2009.09.16 16:04 B Z:\Inetpub\wwwroot\QA\scholarships_v2\admin\testdates.cfm --> westie.gsu.edu /scholarships_v2/admin testdates.cfm
2009.09.16 16:04 B Z:\Inetpub\wwwroot\QA\scholarships_v2\admin\testjavascript.html --> westie.gsu.edu /scholarships_v2/admin testjavascript.html
2009.09.16 16:04 B Z:\Inetpub\wwwroot\QA\scholarships_v2\admin\update_students.cfm --> westie.gsu.edu /scholarships_v2/admin update_students.cfm
2009.10.19 14:34 B W:\QA\scholarships\admin\WS_FTP.LOG <-- westie /scholarships/admin WS_FTP.LOG
2009.10.30 14:13 B W:\QA\scholarships\admin\testCampusID.cfm <-- westie /scholarships/admin testCampusID.cfm
2009.11.13 09:26 B W:\QA\scholarships\admin\scholarship_db.mdb --> westie.gsu.edu /scholarships/admin scholarship_db.mdb
2009.12.14 17:01 B W:\QA\scholarships\admin\admin_error.cfm --> westie.gsu.edu /scholarships/admin admin_error.cfm
2009.12.14 17:01 B W:\QA\scholarships\admin\banner_down.cfm --> westie.gsu.edu /scholarships/admin banner_down.cfm
2009.12.14 17:01 B W:\QA\scholarships\admin\checkdatabase.cfm --> westie.gsu.edu /scholarships/admin checkdatabase.cfm
2009.12.14 17:01 B W:\QA\scholarships\admin\checkDatabaseFile.cfm --> westie.gsu.edu /scholarships/admin checkDatabaseFile.cfm
2009.12.14 17:01 B W:\QA\scholarships\admin\checktimefunctions.cfm --> westie.gsu.edu /scholarships/admin checktimefunctions.cfm
2009.12.14 17:01 B W:\QA\scholarships\admin\CodeSweeper.log --> westie.gsu.edu /scholarships/admin CodeSweeper.log
2009.12.14 17:01 B W:\QA\scholarships\admin\downloadFile.cfm --> westie.gsu.edu /scholarships/admin downloadFile.cfm
2009.12.14 17:01 B W:\QA\scholarships\admin\downloadFileTest.cfm --> westie.gsu.edu /scholarships/admin downloadFileTest.cfm
2009.12.14 17:01 B W:\QA\scholarships\admin\filename --> westie.gsu.edu /scholarships/admin filename
2009.12.14 17:01 B W:\QA\scholarships\admin\help.html --> westie.gsu.edu /scholarships/admin help.html
2009.12.14 17:01 B W:\QA\scholarships\admin\idm.cfc --> westie.gsu.edu /scholarships/admin idm.cfc
2009.12.14 17:01 B W:\QA\scholarships\admin\index.cfm --> westie.gsu.edu /scholarships/admin index.cfm
2009.12.14 17:01 B W:\QA\scholarships\admin\index_test.cfm --> westie.gsu.edu /scholarships/admin index_test.cfm
2009.12.14 17:01 B W:\QA\scholarships\admin\insertdb.cfm --> westie.gsu.edu /scholarships/admin insertdb.cfm
2009.12.14 17:01 B W:\QA\scholarships\admin\insertdb_colleges.cfm --> westie.gsu.edu /scholarships/admin insertdb_colleges.cfm
2009.12.14 17:01 B W:\QA\scholarships\admin\insertdb_old.cfm --> westie.gsu.edu /scholarships/admin insertdb_old.cfm
2009.12.14 17:01 B W:\QA\scholarships\admin\js_funcs_admin.js --> westie.gsu.edu /scholarships/admin js_funcs_admin.js
2009.12.14 17:01 B W:\QA\scholarships\admin\js_funcs_admin1.js --> westie.gsu.edu /scholarships/admin js_funcs_admin1.js
2009.12.14 17:01 B W:\QA\scholarships\admin\ldapAuthentication.cfc --> westie.gsu.edu /scholarships/admin ldapAuthentication.cfc
2009.12.14 17:01 B W:\QA\scholarships\admin\ldapAuthenticationtest.cfc --> westie.gsu.edu /scholarships/admin ldapAuthenticationtest.cfc
2009.12.14 17:01 B W:\QA\scholarships\admin\ldapAuthenticationtest1.cfc --> westie.gsu.edu /scholarships/admin ldapAuthenticationtest1.cfc
2009.12.14 17:01 B W:\QA\scholarships\admin\login.cfm --> westie.gsu.edu /scholarships/admin login.cfm
2009.12.14 17:01 B W:\QA\scholarships\admin\login_test.cfm --> westie.gsu.edu /scholarships/admin login_test.cfm
2009.12.14 17:01 B W:\QA\scholarships\admin\makeChanges.cfm --> westie.gsu.edu /scholarships/admin makeChanges.cfm
2009.12.14 17:01 B W:\QA\scholarships\admin\pdfApplication.cfm --> westie.gsu.edu /scholarships/admin pdfApplication.cfm
2009.12.14 17:01 B W:\QA\scholarships\admin\report.cfm --> westie.gsu.edu /scholarships/admin report.cfm
2009.12.14 17:01 B W:\QA\scholarships\admin\report1.cfm --> westie.gsu.edu /scholarships/admin report1.cfm
2009.12.14 17:01 B W:\QA\scholarships\admin\report1old.cfm --> westie.gsu.edu /scholarships/admin report1old.cfm
2009.12.14 17:01 B W:\QA\scholarships\admin\report_101509test.cfm --> westie.gsu.edu /scholarships/admin report_101509test.cfm
2009.12.14 17:01 B W:\QA\scholarships\admin\reportNOHTMLTABLES.cfm --> westie.gsu.edu /scholarships/admin reportNOHTMLTABLES.cfm
2009.12.14 17:01 B W:\QA\scholarships\admin\resetpassword.cfm --> westie.gsu.edu /scholarships/admin resetpassword.cfm
2009.12.14 17:01 B W:\QA\scholarships\admin\resetScholarships.cfm --> westie.gsu.edu /scholarships/admin resetScholarships.cfm
2009.12.14 17:01 B W:\QA\scholarships\admin\scholadmin.cfc --> westie.gsu.edu /scholarships/admin scholadmin.cfc
2009.12.14 17:01 B W:\QA\scholarships\admin\scholadmin03242009.cfc --> westie.gsu.edu /scholarships/admin scholadmin03242009.cfc
2009.12.14 17:01 B W:\QA\scholarships\admin\scholarship_db.mdb --> westie.gsu.edu /scholarships/admin scholarship_db.mdb
2009.12.14 17:01 B W:\QA\scholarships\admin\scholarship_dbold.mdb --> westie.gsu.edu /scholarships/admin scholarship_dbold.mdb
2009.12.14 17:01 B W:\QA\scholarships\admin\scholarship_dbold2.mdb --> westie.gsu.edu /scholarships/admin scholarship_dbold2.mdb
2009.12.14 17:01 B W:\QA\scholarships\admin\scholarships.css --> westie.gsu.edu /scholarships/admin scholarships.css
2009.12.14 17:01 B W:\QA\scholarships\admin\scholarships_supplement.css --> westie.gsu.edu /scholarships/admin scholarships_supplement.css
2009.12.14 17:01 B W:\QA\scholarships\admin\scholarshipstest.css --> westie.gsu.edu /scholarships/admin scholarshipstest.css
2009.12.14 17:01 B W:\QA\scholarships\admin\scholreport.cfm --> westie.gsu.edu /scholarships/admin scholreport.cfm
2009.12.14 17:01 B W:\QA\scholarships\admin\show_students.cfm --> westie.gsu.edu /scholarships/admin show_students.cfm
2009.12.14 17:01 B W:\QA\scholarships\admin\test.cfm --> westie.gsu.edu /scholarships/admin test.cfm
2009.12.14 17:01 B W:\QA\scholarships\admin\test.html --> westie.gsu.edu /scholarships/admin test.html
2009.12.14 17:01 B W:\QA\scholarships\admin\testBannerFuncs.cfm --> westie.gsu.edu /scholarships/admin testBannerFuncs.cfm
2009.12.14 17:01 B W:\QA\scholarships\admin\testcal.html --> westie.gsu.edu /scholarships/admin testcal.html
2009.12.14 17:01 B W:\QA\scholarships\admin\testcal1.html --> westie.gsu.edu /scholarships/admin testcal1.html
2009.12.14 17:01 B W:\QA\scholarships\admin\testCampusID.cfm --> westie.gsu.edu /scholarships/admin testCampusID.cfm
2009.12.14 17:01 B W:\QA\scholarships\admin\testcoldfusion.cfm --> westie.gsu.edu /scholarships/admin testcoldfusion.cfm
2009.12.14 17:01 B W:\QA\scholarships\admin\testdates.cfm --> westie.gsu.edu /scholarships/admin testdates.cfm
2009.12.14 17:01 B W:\QA\scholarships\admin\testexpand.cfm --> westie.gsu.edu /scholarships/admin testexpand.cfm
2009.12.14 17:01 B W:\QA\scholarships\admin\testjavascript.html --> westie.gsu.edu /scholarships/admin testjavascript.html
2009.12.14 17:01 B W:\QA\scholarships\admin\update_students.cfm --> westie.gsu.edu /scholarships/admin update_students.cfm
