2009.07.13 09:32 B W:\QA\scholarships\admin\popup\addUserAccess.cfm <-- westie /scholarships/admin/popup addUserAccess.cfm
2009.07.13 09:32 B W:\QA\scholarships\admin\popup\awardeeConfirmation.cfm <-- westie /scholarships/admin/popup awardeeConfirmation.cfm
2009.07.13 09:32 B W:\QA\scholarships\admin\popup\briefdescription.cfm <-- westie /scholarships/admin/popup briefdescription.cfm
2009.07.13 09:32 B W:\QA\scholarships\admin\popup\customInfo.cfm <-- westie /scholarships/admin/popup customInfo.cfm
2009.07.13 09:32 B W:\QA\scholarships\admin\popup\editFile.cfm <-- westie /scholarships/admin/popup editFile.cfm
2009.07.13 09:32 B W:\QA\scholarships\admin\popup\editName.cfm <-- westie /scholarships/admin/popup editName.cfm
2009.07.13 09:32 B W:\QA\scholarships\admin\popup\fulldescription.cfm <-- westie /scholarships/admin/popup fulldescription.cfm
2009.07.13 09:32 B W:\QA\scholarships\admin\popup\popup.cfm <-- westie /scholarships/admin/popup popup.cfm
2009.07.13 09:33 B W:\QA\scholarships\admin\popup\viewfulldescription.cfm <-- westie /scholarships/admin/popup viewfulldescription.cfm
2009.09.16 16:03 B Z:\Inetpub\wwwroot\QA\scholarships_v2\admin\popup\addUserAccess.cfm --> westie.gsu.edu /scholarships_v2/admin/popup addUserAccess.cfm
2009.09.16 16:03 B Z:\Inetpub\wwwroot\QA\scholarships_v2\admin\popup\awardeeConfirmation.cfm --> westie.gsu.edu /scholarships_v2/admin/popup awardeeConfirmation.cfm
2009.09.16 16:03 B Z:\Inetpub\wwwroot\QA\scholarships_v2\admin\popup\briefdescription.cfm --> westie.gsu.edu /scholarships_v2/admin/popup briefdescription.cfm
2009.09.16 16:03 B Z:\Inetpub\wwwroot\QA\scholarships_v2\admin\popup\customInfo.cfm --> westie.gsu.edu /scholarships_v2/admin/popup customInfo.cfm
2009.09.16 16:03 B Z:\Inetpub\wwwroot\QA\scholarships_v2\admin\popup\editFile.cfm --> westie.gsu.edu /scholarships_v2/admin/popup editFile.cfm
2009.09.16 16:03 B Z:\Inetpub\wwwroot\QA\scholarships_v2\admin\popup\editName.cfm --> westie.gsu.edu /scholarships_v2/admin/popup editName.cfm
2009.09.16 16:03 B Z:\Inetpub\wwwroot\QA\scholarships_v2\admin\popup\fulldescription.cfm --> westie.gsu.edu /scholarships_v2/admin/popup fulldescription.cfm
2009.09.16 16:03 B Z:\Inetpub\wwwroot\QA\scholarships_v2\admin\popup\popup.cfm --> westie.gsu.edu /scholarships_v2/admin/popup popup.cfm
2009.09.16 16:03 B Z:\Inetpub\wwwroot\QA\scholarships_v2\admin\popup\viewfulldescription.cfm --> westie.gsu.edu /scholarships_v2/admin/popup viewfulldescription.cfm
2009.10.19 14:34 B W:\QA\scholarships\admin\popup\WS_FTP.LOG <-- westie /scholarships/admin/popup WS_FTP.LOG
2009.12.14 17:01 B W:\QA\scholarships\admin\popup\addUserAccess.cfm --> westie.gsu.edu /scholarships/admin/popup addUserAccess.cfm
2009.12.14 17:01 B W:\QA\scholarships\admin\popup\awardeeConfirmation.cfm --> westie.gsu.edu /scholarships/admin/popup awardeeConfirmation.cfm
2009.12.14 17:01 B W:\QA\scholarships\admin\popup\briefdescription.cfm --> westie.gsu.edu /scholarships/admin/popup briefdescription.cfm
2009.12.14 17:01 B W:\QA\scholarships\admin\popup\customInfo.cfm --> westie.gsu.edu /scholarships/admin/popup customInfo.cfm
2009.12.14 17:01 B W:\QA\scholarships\admin\popup\definitions.cfm --> westie.gsu.edu /scholarships/admin/popup definitions.cfm
2009.12.14 17:01 B W:\QA\scholarships\admin\popup\editFile.cfm --> westie.gsu.edu /scholarships/admin/popup editFile.cfm
2009.12.14 17:01 B W:\QA\scholarships\admin\popup\editName.cfm --> westie.gsu.edu /scholarships/admin/popup editName.cfm
2009.12.14 17:01 B W:\QA\scholarships\admin\popup\fulldescription.cfm --> westie.gsu.edu /scholarships/admin/popup fulldescription.cfm
2009.12.14 17:01 B W:\QA\scholarships\admin\popup\plagiarism.cfm --> westie.gsu.edu /scholarships/admin/popup plagiarism.cfm
2009.12.14 17:01 B W:\QA\scholarships\admin\popup\popup.cfm --> westie.gsu.edu /scholarships/admin/popup popup.cfm
2009.12.14 17:01 B W:\QA\scholarships\admin\popup\viewfulldescription.cfm --> westie.gsu.edu /scholarships/admin/popup viewfulldescription.cfm
